cpu,cpu=cpu0,host=edpc usage_nice=0,usage_softirq=0,usage_guest=0,usage_system=0.4999999999999645,usage_idle=99.4999999999892,usage_iowait=0,usage_irq=0,usage_steal=0,usage_guest_nice=0,usage_user=0 1711577670000000000
cpu,cpu=cpu1,host=edpc usage_system=0,usage_iowait=0,usage_steal=0,usage_guest_nice=0,usage_user=2.4630541871917355,usage_idle=97.04433497537244,usage_nice=0,usage_irq=0,usage_softirq=0.4926108374383646,usage_guest=0 1711577670000000000
cpu,cpu=cpu2,host=edpc usage_idle=99.49748743717502,usage_iowait=0,usage_softirq=0,usage_guest=0,usage_guest_nice=0,usage_user=0.5025125628139107,usage_system=0,usage_nice=0,usage_irq=0,usage_steal=0 1711577670000000000
cpu,cpu=cpu3,host=edpc usage_irq=0,usage_softirq=0,usage_steal=0,usage_user=0.9999999999999787,usage_system=0,usage_idle=99.00000000000091,usage_nice=0,usage_iowait=0,usage_guest_nice=0,usage_guest=0 1711577670000000000
cpu,cpu=cpu4,host=edpc usage_iowait=0,usage_irq=0,usage_softirq=0,usage_steal=0,usage_guest=0,usage_guest_nice=0,usage_idle=98.99497487437266,usage_nice=0,usage_user=0.5025125628140255,usage_system=0.502512562814204 1711577670000000000
cpu,cpu=cpu5,host=edpc usage_user=0,usage_system=0.5025125628139999,usage_idle=99.49748743717502,usage_iowait=0,usage_guest_nice=0,usage_nice=0,usage_irq=0,usage_softirq=0,usage_steal=0,usage_guest=0 1711577670000000000
cpu,cpu=cpu6,host=edpc usage_guest=0,usage_user=0,usage_idle=100,usage_softirq=0,usage_irq=0,usage_steal=0,usage_guest_nice=0,usage_system=0,usage_nice=0,usage_iowait=0 1711577670000000000
cpu,cpu=cpu7,host=edpc usage_guest_nice=0,usage_softirq=0,usage_steal=0,usage_user=0,usage_system=1.9900497512441495,usage_idle=98.00995024875779,usage_nice=0,usage_iowait=0,usage_irq=0,usage_guest=0 1711577670000000000
cpu,cpu=cpu-total,host=edpc usage_system=0.4377736085053289,usage_idle=98.93683552221216,usage_nice=0,usage_softirq=0.06253908692932636,usage_steal=0,usage_guest_nice=0,usage_user=0.5628517823640705,usage_iowait=0,usage_irq=0,usage_guest=0 1711577670000000000
cpu,cpu=cpu0,host=edpc usage_system=0.9950248756219864,usage_nice=0,usage_iowait=0,usage_irq=0,usage_guest_nice=0,usage_user=0.49751243781108156,usage_idle=98.50746268657966,usage_softirq=0,usage_steal=0,usage_guest=0 1711577672000000000
cpu,cpu=cpu1,host=edpc usage_iowait=0,usage_steal=0,usage_guest=0,usage_system=0.5025125628142296,usage_idle=98.49246231157008,usage_irq=0,usage_softirq=0.5025125628143189,usage_guest_nice=0,usage_user=0.5025125628141404,usage_nice=0 1711577672000000000
cpu,cpu=cpu2,host=edpc usage_guest_nice=0,usage_system=0.5000000000000782,usage_idle=99.00000000000091,usage_iowait=0,usage_softirq=0,usage_steal=0,usage_guest=0,usage_user=0.4999999999999005,usage_nice=0,usage_irq=0 1711577672000000000
cpu,cpu=cpu3,host=edpc usage_guest=0,usage_guest_nice=0,usage_idle=100,usage_nice=0,usage_irq=0,usage_softirq=0,usage_steal=0,usage_user=0,usage_system=0,usage_iowait=0 1711577672000000000
cpu,cpu=cpu4,host=edpc usage_steal=0,usage_system=0.4999999999999005,usage_idle=99.00000000000091,usage_irq=0,usage_softirq=0,usage_guest_nice=0,usage_user=0,usage_nice=0,usage_iowait=0.49999999999998934,usage_guest=0 1711577672000000000
cpu,cpu=cpu5,host=edpc usage_idle=98.00995024875779,usage_nice=0,usage_steal=0,usage_guest=0,usage_guest_nice=0,usage_user=0.4975124378109048,usage_system=1.492537313433068,usage_iowait=0,usage_irq=0,usage_softirq=0 1711577672000000000
cpu,cpu=cpu6,host=edpc usage_softirq=0,usage_steal=0,usage_guest=0,usage_system=0.4999999999999645,usage_idle=99.4999999999892,usage_nice=0,usage_iowait=0,usage_user=0,usage_irq=0,usage_guest_nice=0 1711577672000000000
cpu,cpu=cpu7,host=edpc usage_idle=98.49246231154791,usage_nice=0,usage_iowait=0,usage_steal=0,usage_user=0.5025125628139107,usage_irq=0,usage_softirq=0,usage_guest=0,usage_guest_nice=0,usage_system=1.0050251256279998 1711577672000000000
cpu,cpu=cpu-total,host=edpc usage_system=0.6879299562226344,usage_idle=98.87429643527008,usage_nice=0,usage_iowait=0.06253908692932636,usage_softirq=0.06253908692932636,usage_user=0.3126954346467651,usage_irq=0,usage_steal=0,usage_guest=0,usage_guest_nice=0 1711577672000000000
cpu,cpu=cpu0,host=edpc usage_nice=0,usage_softirq=2.9268292682931834,usage_steal=0,usage_guest=0,usage_guest_nice=0,usage_user=0,usage_system=0.48780487804874834,usage_idle=96.5853658536501,usage_iowait=0,usage_irq=0 1711577674000000000
cpu,cpu=cpu1,host=edpc usage_idle=97.51243781093649,usage_iowait=0,usage_irq=0,usage_steal=0,usage_guest=0,usage_user=0.9950248756219381,usage_system=0.9950248756217612,usage_nice=0,usage_softirq=0.4975124378108806,usage_guest_nice=0 1711577674000000000
cpu,cpu=cpu2,host=edpc usage_iowait=0,usage_irq=0,usage_softirq=0,usage_guest=0,usage_guest_nice=0,usage_user=0.5025125628143825,usage_system=1.0050251256282294,usage_idle=98.49246231154757,usage_nice=0,usage_steal=0 1711577674000000000
cpu,cpu=cpu3,host=edpc usage_irq=0,usage_softirq=0,usage_guest=0,usage_guest_nice=0,usage_user=0.9999999999999787,usage_system=0,usage_idle=99.00000000000091,usage_nice=0,usage_iowait=0,usage_steal=0 1711577674000000000
cpu,cpu=cpu4,host=edpc usage_steal=0,usage_guest=0,usage_idle=97.98994974874579,usage_iowait=0,usage_irq=0,usage_softirq=0,usage_guest_nice=0,usage_user=0.5025125628139107,usage_system=1.507537688442089,usage_nice=0 1711577674000000000
cpu,cpu=cpu5,host=edpc usage_system=0.49999999999998934,usage_iowait=0,usage_irq=0,usage_softirq=0,usage_guest_nice=0,usage_user=0.5000000000000782,usage_idle=99.00000000000091,usage_nice=0,usage_steal=0,usage_guest=0 1711577674000000000
cpu,cpu=cpu6,host=edpc usage_user=0,usage_idle=99.0049751243789,usage_irq=0,usage_softirq=0,usage_guest=0,usage_system=0.9950248756219864,usage_nice=0,usage_iowait=0,usage_steal=0,usage_guest_nice=0 1711577674000000000
cpu,cpu=cpu7,host=edpc usage_system=0.5000000000000142,usage_idle=96.50000000001376,usage_iowait=0,usage_guest_nice=0,usage_user=3.000000000000796,usage_nice=0,usage_irq=0,usage_softirq=0,usage_steal=0,usage_guest=0 1711577674000000000
cpu,cpu=cpu-total,host=edpc usage_nice=0,usage_iowait=0,usage_irq=0,usage_softirq=0.4361370716511119,usage_steal=0,usage_guest_nice=0,usage_user=0.8099688473520333,usage_idle=98.00623052959673,usage_system=0.7476635514019314,usage_guest=0 1711577674000000000
cpu,cpu=cpu0,host=edpc usage_user=0,usage_iowait=0,usage_softirq=0.9999999999995737,usage_steal=0,usage_system=0.49999999999978684,usage_idle=98.49999999999034,usage_nice=0,usage_irq=0,usage_guest=0,usage_guest_nice=0 1711577738000000000
cpu,cpu=cpu1,host=edpc usage_user=0,usage_idle=99.49748743719776,usage_iowait=0,usage_irq=0,usage_steal=0,usage_system=0,usage_nice=0,usage_softirq=0.502512562814204,usage_guest=0,usage_guest_nice=0 1711577738000000000
cpu,cpu=cpu2,host=edpc usage_user=1.5000000000000568,usage_idle=98.00000000000182,usage_nice=0,usage_iowait=0,usage_softirq=0,usage_steal=0,usage_system=0.4999999999999005,usage_irq=0,usage_guest=0,usage_guest_nice=0 1711577738000000000
cpu,cpu=cpu3,host=edpc usage_nice=0,usage_iowait=0,usage_user=1.0101010101012113,usage_system=0.5050505050506954,usage_softirq=0,usage_steal=0,usage_guest=0,usage_guest_nice=0,usage_idle=98.48484848486102,usage_irq=0 1711577738000000000
cpu,cpu=cpu4,host=edpc usage_iowait=0,usage_irq=0,usage_system=1.4925373134325535,usage_idle=98.50746268655737,usage_softirq=0,usage_steal=0,usage_guest=0,usage_guest_nice=0,usage_user=0,usage_nice=0 1711577738000000000
cpu,cpu=cpu5,host=edpc usage_nice=0,usage_iowait=0,usage_softirq=0,usage_guest=0,usage_guest_nice=0,usage_system=1.0050251256282294,usage_idle=98.99497487437266,usage_steal=0,usage_user=0,usage_irq=0 1711577738000000000
cpu,cpu=cpu6,host=edpc usage_user=0,usage_softirq=0,usage_steal=0,usage_iowait=0,usage_irq=0,usage_guest=0,usage_guest_nice=0,usage_system=0,usage_idle=100,usage_nice=0 1711577738000000000
cpu,cpu=cpu7,host=edpc usage_idle=100,usage_irq=0,usage_softirq=0,usage_steal=0,usage_guest=0,usage_guest_nice=0,usage_user=0,usage_system=0,usage_nice=0,usage_iowait=0 1711577738000000000
cpu,cpu=cpu-total,host=edpc usage_system=0.5028284098052372,usage_idle=98.9943431803906,usage_nice=0,usage_softirq=0.18856065367689695,usage_guest=0,usage_user=0.31426775612829555,usage_iowait=0,usage_irq=0,usage_steal=0,usage_guest_nice=0 1711577738000000000
cpu,cpu=cpu0,host=edpc usage_iowait=0,usage_steal=0,usage_guest_nice=0,usage_system=1.500000000000398,usage_idle=98.50000000001239,usage_irq=0,usage_softirq=0,usage_guest=0,usage_user=0,usage_nice=0 1711577740000000000
cpu,cpu=cpu1,host=edpc usage_user=0,usage_system=0,usage_guest_nice=0,usage_irq=0,usage_softirq=0,usage_steal=0,usage_guest=0,usage_idle=100,usage_nice=0,usage_iowait=0 1711577740000000000
cpu,cpu=cpu2,host=edpc usage_idle=98.49999999999034,usage_nice=0,usage_softirq=0,usage_guest=0,usage_steal=0,usage_guest_nice=0,usage_user=0.9999999999995737,usage_system=0.4999999999999645,usage_iowait=0,usage_irq=0 1711577740000000000
cpu,cpu=cpu3,host=edpc usage_system=0,usage_softirq=0,usage_irq=0,usage_steal=0,usage_guest=0,usage_guest_nice=0,usage_user=0,usage_idle=100,usage_nice=0,usage_iowait=0 1711577740000000000
cpu,cpu=cpu4,host=edpc usage_system=0,usage_idle=99.0049751243789,usage_steal=0,usage_guest=0,usage_user=0.9950248756221631,usage_iowait=0,usage_irq=0,usage_softirq=0,usage_guest_nice=0,usage_nice=0 1711577740000000000
cpu,cpu=cpu5,host=edpc usage_idle=98.98989898989991,usage_nice=0,usage_irq=0,usage_guest_nice=0,usage_user=0.5050505050505794,usage_system=0.5050505050504897,usage_iowait=0,usage_softirq=0,usage_steal=0,usage_guest=0 1711577740000000000
cpu,cpu=cpu6,host=edpc usage_nice=0,usage_irq=0,usage_softirq=0,usage_steal=0,usage_guest_nice=0,usage_user=0.49751243781079224,usage_system=1.4925373134327302,usage_idle=98.00995024875824,usage_iowait=0,usage_guest=0 1711577740000000000
cpu,cpu=cpu7,host=edpc usage_nice=0,usage_iowait=0,usage_softirq=0,usage_guest_nice=0,usage_user=0,usage_system=0,usage_idle=100,usage_irq=0,usage_steal=0,usage_guest=0 1711577740000000000
cpu,cpu=cpu-total,host=edpc usage_user=0.375469336670863,usage_system=0.5006257822276988,usage_nice=0,usage_iowait=0,usage_idle=99.12390488110499,usage_irq=0,usage_softirq=0,usage_steal=0,usage_guest=0,usage_guest_nice=0 1711577740000000000
cpu,cpu=cpu0,host=edpc usage_user=0.5000000000000782,usage_system=0.9999999999999787,usage_nice=0,usage_iowait=0,usage_guest=0,usage_idle=98.49999999999,usage_irq=0,usage_softirq=0,usage_steal=0,usage_guest_nice=0 1711577742000000000
cpu,cpu=cpu1,host=edpc usage_irq=0,usage_softirq=0,usage_guest_nice=0,usage_user=0,usage_idle=100,usage_nice=0,usage_guest=0,usage_system=0,usage_iowait=0,usage_steal=0 1711577742000000000
cpu,cpu=cpu2,host=edpc usage_idle=99.00000000000091,usage_nice=0,usage_iowait=0,usage_steal=0,usage_guest=0,usage_guest_nice=0,usage_user=0.5000000000002558,usage_system=0.4999999999999005,usage_irq=0,usage_softirq=0 1711577742000000000
cpu,cpu=cpu3,host=edpc usage_user=0,usage_system=0.4999999999999005,usage_irq=0,usage_steal=0,usage_idle=99.49999999998909,usage_nice=0,usage_iowait=0,usage_softirq=0,usage_guest=0,usage_guest_nice=0 1711577742000000000
cpu,cpu=cpu4,host=edpc usage_steal=0,usage_guest=0,usage_guest_nice=0,usage_system=0,usage_idle=99.49748743719776,usage_nice=0,usage_iowait=0.5025125628141593,usage_softirq=0,usage_user=0,usage_irq=0 1711577742000000000
cpu,cpu=cpu5,host=edpc usage_iowait=0,usage_guest_nice=0,usage_user=0.9999999999999787,usage_nice=0,usage_irq=0,usage_softirq=0,usage_steal=0,usage_guest=0,usage_system=0,usage_idle=99.00000000000091 1711577742000000000
cpu,cpu=cpu6,host=edpc usage_idle=98.99497487437266,usage_nice=0,usage_iowait=0,usage_softirq=0,usage_guest=0,usage_guest_nice=0,usage_user=0.5025125628140255,usage_system=0.5025125628140255,usage_irq=0,usage_steal=0 1711577742000000000
cpu,cpu=cpu7,host=edpc usage_system=0,usage_iowait=0,usage_irq=0,usage_steal=0,usage_guest_nice=0,usage_user=0.49751243781096904,usage_idle=99.50248756217825,usage_nice=0,usage_softirq=0,usage_guest=0 1711577742000000000
cpu,cpu=cpu-total,host=edpc usage_user=0.375469336670863,usage_iowait=0.06257822277846235,usage_softirq=0,usage_guest=0,usage_guest_nice=0,usage_system=0.31289111389244517,usage_idle=99.24906132666467,usage_nice=0,usage_irq=0,usage_steal=0 1711577742000000000
cpu,cpu=cpu0,host=edpc usage_nice=0,usage_softirq=0,usage_guest=0,usage_guest_nice=0,usage_user=0.5025125628139107,usage_idle=98.99497487437289,usage_iowait=0,usage_irq=0,usage_steal=0,usage_system=0.5025125628140892 1711577744000000000
cpu,cpu=cpu1,host=edpc usage_idle=99.00990099009991,usage_softirq=0.49504950495057687,usage_steal=0,usage_user=0.495049504950401,usage_nice=0,usage_iowait=0,usage_irq=0,usage_guest=0,usage_guest_nice=0,usage_system=0 1711577744000000000
cpu,cpu=cpu2,host=edpc usage_iowait=0,usage_softirq=0,usage_guest_nice=0,usage_system=0.9950248756219864,usage_nice=0,usage_irq=0,usage_steal=0,usage_guest=0,usage_user=0.9950248756218096,usage_idle=98.00995024875779 1711577744000000000
cpu,cpu=cpu3,host=edpc usage_user=0.9999999999999787,usage_system=0,usage_irq=0,usage_guest=0,usage_guest_nice=0,usage_idle=99.00000000000091,usage_nice=0,usage_iowait=0,usage_softirq=0,usage_steal=0 1711577744000000000
cpu,cpu=cpu4,host=edpc usage_user=0.9999999999995737,usage_nice=0,usage_iowait=0,usage_softirq=0,usage_steal=0,usage_guest=0,usage_system=0.4999999999999645,usage_idle=98.49999999999034,usage_irq=0,usage_guest_nice=0 1711577744000000000
cpu,cpu=cpu5,host=edpc usage_guest_nice=0,usage_nice=0,usage_steal=0,usage_guest=0,usage_iowait=0,usage_irq=0,usage_softirq=0,usage_user=0.49751243781096904,usage_system=0,usage_idle=99.50248756217825 1711577744000000000
cpu,cpu=cpu6,host=edpc usage_steal=0,usage_guest=0,usage_user=1.5000000000000568,usage_system=0.5000000000000782,usage_nice=0,usage_iowait=0,usage_irq=0,usage_softirq=0,usage_idle=98.00000000000182,usage_guest_nice=0 1711577744000000000
cpu,cpu=cpu7,host=edpc usage_user=0.5000000000000142,usage_system=0,usage_idle=99.50000000001171,usage_nice=0,usage_iowait=0,usage_softirq=0,usage_irq=0,usage_steal=0,usage_guest=0,usage_guest_nice=0 1711577744000000000
cpu,cpu=cpu-total,host=edpc usage_system=0.31191515907657663,usage_nice=0,usage_irq=0,usage_guest_nice=0,usage_guest=0,usage_user=0.8109794135993474,usage_idle=98.81472239549409,usage_iowait=0,usage_softirq=0.062383031815368514,usage_steal=0 1711577744000000000
cpu,cpu=cpu0,host=edpc usage_user=0,usage_system=1.9801980198024016,usage_idle=97.52475247526046,usage_softirq=0.4950495049508642,usage_steal=0,usage_guest=0,usage_nice=0,usage_iowait=0,usage_irq=0,usage_guest_nice=0 1711577746000000000
cpu,cpu=cpu1,host=edpc usage_user=0,usage_system=0,usage_guest=0,usage_guest_nice=0,usage_idle=98.51485148513893,usage_nice=0,usage_iowait=0,usage_irq=0,usage_softirq=1.4851485148510446,usage_steal=0 1711577746000000000
cpu,cpu=cpu2,host=edpc usage_system=1.4705882352941997,usage_irq=0,usage_softirq=0,usage_steal=0,usage_guest_nice=0,usage_user=1.9607843137254835,usage_idle=96.5686274509723,usage_nice=0,usage_iowait=0,usage_guest=0 1711577746000000000
cpu,cpu=cpu3,host=edpc usage_user=1.0101010101009793,usage_system=0,usage_idle=98.98989898989991,usage_iowait=0,usage_softirq=0,usage_guest=0,usage_guest_nice=0,usage_nice=0,usage_irq=0,usage_steal=0 1711577746000000000
cpu,cpu=cpu4,host=edpc usage_idle=98.0198019801998,usage_iowait=0,usage_irq=0,usage_softirq=0,usage_guest_nice=0,usage_user=0.9900990099011537,usage_system=0.9900990099009779,usage_nice=0,usage_steal=0,usage_guest=0 1711577746000000000
cpu,cpu=cpu5,host=edpc usage_system=0.9999999999999787,usage_steal=0,usage_user=0,usage_idle=99.00000000000091,usage_nice=0,usage_iowait=0,usage_irq=0,usage_softirq=0,usage_guest=0,usage_guest_nice=0 1711577746000000000
cpu,cpu=cpu6,host=edpc usage_steal=0,usage_guest=0,usage_guest_nice=0,usage_user=0,usage_idle=100,usage_iowait=0,usage_irq=0,usage_system=0,usage_nice=0,usage_softirq=0 1711577746000000000
cpu,cpu=cpu7,host=edpc usage_steal=0,usage_guest=0,usage_user=0,usage_iowait=0,usage_irq=0,usage_softirq=0,usage_system=0.49999999999978684,usage_idle=99.4999999999892,usage_nice=0,usage_guest_nice=0 1711577746000000000
cpu,cpu=cpu-total,host=edpc usage_user=0.4981320049813573,usage_system=0.7471980074719474,usage_idle=98.4433374844335,usage_iowait=0.06226650062269178,usage_guest=0,usage_guest_nice=0,usage_nice=0,usage_irq=0,usage_softirq=0.2490660024906344,usage_steal=0 1711577746000000000
cpu,cpu=cpu0,host=edpc usage_steal=0,usage_guest=0,usage_idle=97.01492537313737,usage_irq=0,usage_softirq=0,usage_iowait=0,usage_guest_nice=0,usage_user=0.9950248756217612,usage_system=1.9900497512435225,usage_nice=0 1711577748000000000
cpu,cpu=cpu1,host=edpc usage_guest_nice=0,usage_user=0,usage_system=0,usage_idle=99.50248756220076,usage_softirq=0.49751243781108156,usage_steal=0,usage_guest=0,usage_nice=0,usage_iowait=0,usage_irq=0 1711577748000000000
cpu,cpu=cpu2,host=edpc usage_nice=0,usage_iowait=0,usage_irq=0,usage_softirq=0,usage_steal=0,usage_system=0.5025125628140892,usage_idle=98.99497487437289,usage_guest=0,usage_guest_nice=0,usage_user=0.5025125628142677 1711577748000000000
cpu,cpu=cpu3,host=edpc usage_steal=0,usage_user=1.0050251256282294,usage_idle=97.48743718594308,usage_iowait=0,usage_softirq=0,usage_guest=0,usage_guest_nice=0,usage_system=1.5075376884424336,usage_nice=0,usage_irq=0 1711577748000000000
cpu,cpu=cpu4,host=edpc usage_idle=100,usage_nice=0,usage_iowait=0,usage_steal=0,usage_user=0,usage_system=0,usage_irq=0,usage_softirq=0,usage_guest=0,usage_guest_nice=0 1711577748000000000
cpu,cpu=cpu5,host=edpc usage_iowait=0,usage_irq=0,usage_softirq=0,usage_guest=0,usage_user=0,usage_system=0,usage_steal=0,usage_guest_nice=0,usage_idle=100,usage_nice=0 1711577748000000000
cpu,cpu=cpu6,host=edpc usage_guest_nice=0,usage_idle=100,usage_nice=0,usage_iowait=0,usage_irq=0,usage_steal=0,usage_guest=0,usage_user=0,usage_system=0,usage_softirq=0 1711577748000000000
cpu,cpu=cpu7,host=edpc usage_system=0,usage_irq=0,usage_softirq=0,usage_guest_nice=0,usage_guest=0,usage_user=0.5000000000001918,usage_idle=99.50000000001171,usage_nice=0,usage_iowait=0,usage_steal=0 1711577748000000000
cpu,cpu=cpu-total,host=edpc usage_system=0.5009392611147457,usage_irq=0,usage_guest_nice=0,usage_user=0.3757044458360148,usage_idle=99.06073888542366,usage_nice=0,usage_iowait=0,usage_softirq=0.06261740763932097,usage_steal=0,usage_guest=0 1711577748000000000
cpu,cpu=cpu0,host=edpc usage_steal=0,usage_guest=0,usage_guest_nice=0,usage_system=0.9900990099007551,usage_idle=97.02970297027787,usage_nice=0,usage_softirq=1.4851485148512205,usage_user=0.49504950495046546,usage_iowait=0,usage_irq=0 1711577750000000000
cpu,cpu=cpu1,host=edpc usage_idle=100,usage_nice=0,usage_iowait=0,usage_softirq=0,usage_steal=0,usage_guest_nice=0,usage_system=0,usage_irq=0,usage_guest=0,usage_user=0 1711577750000000000
cpu,cpu=cpu2,host=edpc usage_guest=0,usage_guest_nice=0,usage_user=0,usage_idle=99.49238578681398,usage_nice=0,usage_iowait=0,usage_irq=0,usage_softirq=0,usage_steal=0,usage_system=0.5076142131979201 1711577750000000000
cpu,cpu=cpu3,host=edpc usage_system=2.4752475247519756,usage_idle=95.04950495047811,usage_irq=0,usage_guest=0,usage_guest_nice=0,usage_user=2.4752475247519756,usage_nice=0,usage_iowait=0,usage_softirq=0,usage_steal=0 1711577750000000000
cpu,cpu=cpu4,host=edpc usage_guest=0,usage_user=0,usage_idle=98.4848484848384,usage_nice=0,usage_irq=0,usage_guest_nice=0,usage_system=1.5151515151515587,usage_iowait=0,usage_softirq=0,usage_steal=0 1711577750000000000
cpu,cpu=cpu5,host=edpc usage_idle=99.50248756220076,usage_iowait=0,usage_steal=0,usage_user=0.4975124378109048,usage_system=0,usage_nice=0,usage_irq=0,usage_softirq=0,usage_guest=0,usage_guest_nice=0 1711577750000000000
cpu,cpu=cpu6,host=edpc usage_user=0,usage_idle=99.49238578679102,usage_softirq=0,usage_steal=0,usage_guest_nice=0,usage_system=0.5076142131979833,usage_nice=0,usage_iowait=0,usage_irq=0,usage_guest=0 1711577750000000000
cpu,cpu=cpu7,host=edpc usage_iowait=0,usage_steal=0,usage_guest=0,usage_guest_nice=0,usage_user=0.49999999999978684,usage_system=0,usage_idle=99.4999999999892,usage_nice=0,usage_irq=0,usage_softirq=0 1711577750000000000
cpu,cpu=cpu-total,host=edpc usage_nice=0,usage_irq=0,usage_user=0.5012531328320079,usage_system=0.75187969924819,usage_idle=98.55889724311042,usage_guest=0,usage_guest_nice=0,usage_iowait=0,usage_softirq=0.1879699248120475,usage_steal=0 1711577750000000000
cpu,cpu=cpu0,host=edpc usage_guest=0,usage_guest_nice=0,usage_user=0.9950248756219864,usage_system=0,usage_idle=98.50746268657966,usage_iowait=0,usage_irq=0,usage_nice=0,usage_softirq=0.4975124378109048,usage_steal=0 1711578008000000000
cpu,cpu=cpu1,host=edpc usage_steal=0,usage_idle=100,usage_iowait=0,usage_irq=0,usage_softirq=0,usage_guest_nice=0,usage_user=0,usage_system=0,usage_nice=0,usage_guest=0 1711578008000000000
cpu,cpu=cpu2,host=edpc usage_user=0.5000000000002558,usage_system=0.9999999999999787,usage_nice=0,usage_iowait=0,usage_irq=0,usage_softirq=0,usage_steal=0,usage_guest_nice=0,usage_idle=98.49999999999,usage_guest=0 1711578008000000000
cpu,cpu=cpu3,host=edpc usage_system=0,usage_idle=98.98989898989991,usage_nice=0,usage_iowait=0,usage_irq=0,usage_softirq=0,usage_steal=0,usage_guest=0,usage_guest_nice=0,usage_user=1.0101010101009793 1711578008000000000
cpu,cpu=cpu4,host=edpc usage_guest_nice=0,usage_user=0,usage_iowait=0,usage_softirq=0,usage_steal=0,usage_guest=0,usage_system=0,usage_idle=100,usage_nice=0,usage_irq=0 1711578008000000000
cpu,cpu=cpu5,host=edpc usage_user=0.4999999999999645,usage_nice=0,usage_steal=0,usage_guest=0,usage_guest_nice=0,usage_system=0.9999999999997513,usage_idle=98.49999999999034,usage_iowait=0,usage_irq=0,usage_softirq=0 1711578008000000000
cpu,cpu=cpu6,host=edpc usage_nice=0,usage_irq=0,usage_steal=0,usage_guest=0,usage_idle=98.4848484848384,usage_system=1.0101010101009793,usage_iowait=0,usage_softirq=0,usage_guest_nice=0,usage_user=0.5050505050507588 1711578008000000000
cpu,cpu=cpu7,host=edpc usage_guest_nice=0,usage_irq=0,usage_guest=0,usage_idle=100,usage_nice=0,usage_iowait=0,usage_softirq=0,usage_steal=0,usage_user=0,usage_system=0 1711578008000000000
cpu,cpu=cpu-total,host=edpc usage_guest=0,usage_guest_nice=0,usage_irq=0,usage_softirq=0.06277463904585645,usage_steal=0,usage_nice=0,usage_iowait=0,usage_user=0.43942247332072754,usage_system=0.3766478342747819,usage_idle=99.12115505336212 1711578008000000000
cpu,cpu=cpu0,host=edpc usage_idle=98.0198019801998,usage_nice=0,usage_irq=0,usage_guest_nice=0,usage_guest=0,usage_user=0,usage_system=0.49504950495057687,usage_iowait=0,usage_softirq=1.4851485148515549,usage_steal=0 1711578010000000000
cpu,cpu=cpu1,host=edpc usage_iowait=0,usage_irq=0,usage_softirq=0,usage_guest_nice=0,usage_user=0,usage_idle=98.99497487437266,usage_nice=0,usage_system=1.0050251256282294,usage_steal=0,usage_guest=0 1711578010000000000
cpu,cpu=cpu2,host=edpc usage_user=0,usage_system=0.502512562814204,usage_iowait=0,usage_steal=0,usage_guest=0,usage_idle=99.49748743719776,usage_nice=0,usage_irq=0,usage_softirq=0,usage_guest_nice=0 1711578010000000000
cpu,cpu=cpu3,host=edpc usage_iowait=0,usage_irq=0,usage_softirq=0,usage_steal=0,usage_guest=0,usage_guest_nice=0,usage_system=0.5000000000001918,usage_nice=0,usage_user=1.000000000000206,usage_idle=98.50000000001239 1711578010000000000
cpu,cpu=cpu4,host=edpc usage_user=0,usage_system=0.5025125628140255,usage_steal=0,usage_guest=0,usage_guest_nice=0,usage_idle=99.49748743719776,usage_nice=0,usage_iowait=0,usage_irq=0,usage_softirq=0 1711578010000000000
cpu,cpu=cpu5,host=edpc usage_user=0.5025125628140255,usage_nice=0,usage_iowait=0,usage_irq=0,usage_guest=0,usage_system=0,usage_idle=99.49748743719776,usage_softirq=0,usage_steal=0,usage_guest_nice=0 1711578010000000000
cpu,cpu=cpu6,host=edpc usage_softirq=0,usage_steal=0,usage_user=1.4999999999997016,usage_system=1.5000000000000568,usage_iowait=0.49999999999998934,usage_irq=0,usage_idle=96.50000000001455,usage_nice=0,usage_guest=0,usage_guest_nice=0 1711578010000000000
cpu,cpu=cpu7,host=edpc usage_system=0,usage_idle=99.49748743719776,usage_nice=0,usage_irq=0,usage_steal=0,usage_user=0.502512562814204,usage_iowait=0,usage_softirq=0,usage_guest=0,usage_guest_nice=0 1711578010000000000
cpu,cpu=cpu-total,host=edpc usage_iowait=0.0626566416039867,usage_irq=0,usage_steal=0,usage_guest_nice=0,usage_nice=0,usage_system=0.5639097744360139,usage_idle=98.74686716791545,usage_softirq=0.18796992481196012,usage_guest=0,usage_user=0.43859649122795147 1711578010000000000
cpu,cpu=cpu0,host=edpc usage_system=0,usage_iowait=0,usage_softirq=1.4999999999997016,usage_guest=0,usage_guest_nice=0,usage_user=0.4999999999999005,usage_idle=98.00000000000182,usage_nice=0,usage_irq=0,usage_steal=0 1711578060000000000
cpu,cpu=cpu1,host=edpc usage_guest=0,usage_user=0,usage_system=0,usage_nice=0,usage_iowait=0,usage_guest_nice=0,usage_idle=99.49999999998909,usage_irq=0,usage_softirq=0.5000000000000782,usage_steal=0 1711578060000000000
cpu,cpu=cpu2,host=edpc usage_steal=0,usage_user=0.9950248756221631,usage_idle=97.51243781095856,usage_irq=0,usage_softirq=0,usage_guest=0,usage_guest_nice=0,usage_system=1.4925373134328912,usage_nice=0,usage_iowait=0 1711578060000000000
cpu,cpu=cpu3,host=edpc usage_irq=0,usage_softirq=0,usage_steal=0,usage_guest_nice=0,usage_user=1.0101010101007473,usage_iowait=0,usage_nice=0,usage_guest=0,usage_system=0,usage_idle=98.98989898987718 1711578060000000000
cpu,cpu=cpu4,host=edpc usage_idle=98.50000000001239,usage_irq=0,usage_guest_nice=0,usage_guest=0,usage_user=1.500000000000398,usage_system=0,usage_nice=0,usage_iowait=0,usage_softirq=0,usage_steal=0 1711578060000000000
cpu,cpu=cpu5,host=edpc usage_user=0,usage_irq=0,usage_steal=0,usage_softirq=0,usage_guest=0,usage_guest_nice=0,usage_system=0.9999999999999787,usage_idle=99.00000000000091,usage_nice=0,usage_iowait=0 1711578060000000000
cpu,cpu=cpu6,host=edpc usage_nice=0,usage_steal=0,usage_user=0,usage_idle=99.49238578681398,usage_irq=0,usage_softirq=0,usage_guest=0,usage_guest_nice=0,usage_system=0.5076142131981004,usage_iowait=0 1711578060000000000
cpu,cpu=cpu7,host=edpc usage_system=1.5000000000000568,usage_idle=98.49999999999,usage_nice=0,usage_irq=0,usage_softirq=0,usage_steal=0,usage_user=0,usage_guest=0,usage_guest_nice=0,usage_iowait=0 1711578060000000000
cpu,cpu=cpu-total,host=edpc usage_system=0.5639097744361424,usage_guest_nice=0,usage_user=0.501253132832186,usage_idle=98.6842105263212,usage_nice=0,usage_iowait=0,usage_irq=0,usage_softirq=0.250626566416093,usage_steal=0,usage_guest=0 1711578060000000000
cpu,cpu=cpu0,host=edpc usage_iowait=0,usage_steal=0,usage_guest_nice=0,usage_idle=98.01980198022187,usage_system=0.9900990099012008,usage_nice=0,usage_irq=0,usage_softirq=0,usage_guest=0,usage_user=0.9900990099012008 1711578062000000000
cpu,cpu=cpu1,host=edpc usage_nice=0,usage_irq=0,usage_guest=0,usage_guest_nice=0,usage_user=0.5025125628139107,usage_system=0.5025125628140892,usage_idle=98.99497487437289,usage_iowait=0,usage_softirq=0,usage_steal=0 1711578062000000000
cpu,cpu=cpu2,host=edpc usage_guest=0,usage_guest_nice=0,usage_nice=0,usage_softirq=0,usage_idle=98.98477157360487,usage_iowait=0,usage_irq=0,usage_steal=0,usage_user=0.5076142131979201,usage_system=0.5076142131981004 1711578062000000000
cpu,cpu=cpu3,host=edpc usage_idle=98.50746268657966,usage_nice=0,usage_irq=0,usage_user=1.492537313433068,usage_iowait=0,usage_softirq=0,usage_steal=0,usage_guest=0,usage_guest_nice=0,usage_system=0 1711578062000000000
cpu,cpu=cpu4,host=edpc usage_iowait=0,usage_irq=0,usage_softirq=0,usage_guest_nice=0,usage_user=0.49751243781079224,usage_system=0,usage_idle=99.50248756217825,usage_nice=0,usage_steal=0,usage_guest=0 1711578062000000000
cpu,cpu=cpu5,host=edpc usage_user=0,usage_idle=100,usage_nice=0,usage_softirq=0,usage_guest_nice=0,usage_system=0,usage_iowait=0,usage_irq=0,usage_steal=0,usage_guest=0 1711578062000000000
cpu,cpu=cpu6,host=edpc usage_user=0.999999999999801,usage_steal=0,usage_guest=0,usage_guest_nice=0,usage_system=0.5000000000000782,usage_idle=98.00000000000182,usage_nice=0,usage_iowait=0.5000000000000338,usage_irq=0,usage_softirq=0 1711578062000000000
cpu,cpu=cpu7,host=edpc usage_guest=0,usage_nice=0,usage_iowait=0,usage_irq=0,usage_softirq=0,usage_guest_nice=0,usage_user=0,usage_system=0,usage_idle=100,usage_steal=0 1711578062000000000
cpu,cpu=cpu-total,host=edpc usage_system=0.3128911138922673,usage_idle=98.99874843554531,usage_iowait=0.06257822277846235,usage_steal=0,usage_guest_nice=0,usage_user=0.6257822277847125,usage_nice=0,usage_irq=0,usage_softirq=0,usage_guest=0 1711578062000000000
cpu,cpu=cpu0,host=edpc usage_iowait=0,usage_irq=0,usage_guest=0,usage_idle=97.05882352941438,usage_system=0.4901960784314579,usage_nice=0,usage_softirq=0,usage_steal=0,usage_guest_nice=0,usage_user=2.450980392156941 1711578064000000000
cpu,cpu=cpu1,host=edpc usage_idle=98.51485148516078,usage_nice=0,usage_softirq=0.9900990099012008,usage_steal=0,usage_guest=0,usage_guest_nice=0,usage_user=0,usage_system=0.4950495049505125,usage_iowait=0,usage_irq=0 1711578064000000000
cpu,cpu=cpu2,host=edpc usage_idle=97.48743718592081,usage_irq=0,usage_guest=0,usage_user=1.0050251256281784,usage_system=1.507537688442089,usage_softirq=0,usage_steal=0,usage_guest_nice=0,usage_nice=0,usage_iowait=0 1711578064000000000
cpu,cpu=cpu3,host=edpc usage_system=0,usage_nice=0,usage_irq=0,usage_guest_nice=0,usage_steal=0,usage_guest=0,usage_user=0.5025125628139107,usage_idle=99.49748743717502,usage_iowait=0,usage_softirq=0 1711578064000000000
cpu,cpu=cpu4,host=edpc usage_iowait=0,usage_irq=0,usage_steal=0,usage_guest=0,usage_user=0.4999999999999005,usage_system=0,usage_idle=99.50000000001182,usage_nice=0,usage_softirq=0,usage_guest_nice=0 1711578064000000000
cpu,cpu=cpu5,host=edpc usage_system=0,usage_idle=100,usage_iowait=0,usage_irq=0,usage_softirq=0,usage_guest=0,usage_guest_nice=0,usage_user=0,usage_steal=0,usage_nice=0 1711578064000000000
cpu,cpu=cpu6,host=edpc usage_user=1.0000000000001563,usage_idle=98.00000000000182,usage_iowait=0,usage_irq=0,usage_softirq=0,usage_guest=0,usage_guest_nice=0,usage_system=0.9999999999999787,usage_nice=0,usage_steal=0 1711578064000000000
cpu,cpu=cpu7,host=edpc usage_iowait=0,usage_softirq=0,usage_steal=0,usage_guest=0,usage_guest_nice=0,usage_idle=100,usage_system=0,usage_nice=0,usage_irq=0,usage_user=0 1711578064000000000
cpu,cpu=cpu-total,host=edpc usage_user=0.6870705808867659,usage_idle=98.75078076201935,usage_system=0.437226733291772,usage_nice=0,usage_iowait=0,usage_irq=0,usage_softirq=0.12492192379758574,usage_steal=0,usage_guest=0,usage_guest_nice=0 1711578064000000000
cpu,cpu=cpu0,host=edpc usage_user=0,usage_guest_nice=0,usage_softirq=3.940886699506384,usage_steal=0,usage_guest=0,usage_system=0,usage_idle=96.05911330047506,usage_nice=0,usage_iowait=0,usage_irq=0 1711578066000000000
cpu,cpu=cpu1,host=edpc usage_iowait=0,usage_softirq=0,usage_guest_nice=0,usage_user=0,usage_nice=0,usage_irq=0,usage_steal=0,usage_guest=0,usage_system=0.4999999999999645,usage_idle=99.4999999999892 1711578066000000000
cpu,cpu=cpu2,host=edpc usage_guest=0,usage_idle=97.02970297029971,usage_steal=0,usage_nice=0,usage_iowait=0,usage_irq=0,usage_softirq=0.49504950495048894,usage_guest_nice=0,usage_user=0.990099009900802,usage_system=1.485148514851379 1711578066000000000
cpu,cpu=cpu3,host=edpc usage_irq=0,usage_steal=0,usage_user=1.9900497512439728,usage_system=0,usage_idle=98.00995024875779,usage_nice=0,usage_iowait=0,usage_softirq=0,usage_guest=0,usage_guest_nice=0 1711578066000000000
cpu,cpu=cpu4,host=edpc usage_guest_nice=0,usage_idle=100,usage_nice=0,usage_iowait=0,usage_softirq=0,usage_steal=0,usage_guest=0,usage_user=0,usage_system=0,usage_irq=0 1711578066000000000
cpu,cpu=cpu5,host=edpc usage_softirq=0,usage_user=0.4975124378109048,usage_idle=99.0049751243789,usage_irq=0,usage_steal=0,usage_guest=0,usage_guest_nice=0,usage_system=0.49751243781108156,usage_nice=0,usage_iowait=0 1711578066000000000
cpu,cpu=cpu6,host=edpc usage_softirq=0,usage_steal=0,usage_user=1.5306122448979889,usage_idle=97.4489795918275,usage_iowait=0,usage_guest=0,usage_guest_nice=0,usage_system=1.0204081632652655,usage_nice=0,usage_irq=0 1711578066000000000
cpu,cpu=cpu7,host=edpc usage_irq=0,usage_softirq=0,usage_steal=0,usage_guest=0,usage_user=0,usage_system=0.9950248756217612,usage_nice=0,usage_iowait=0,usage_idle=99.00497512437913,usage_guest_nice=0 1711578066000000000
cpu,cpu=cpu-total,host=edpc usage_system=0.5603985056040375,usage_idle=98.19427148195926,usage_nice=0,usage_iowait=0.06226650062267575,usage_guest=0,usage_user=0.6226650062270229,usage_irq=0,usage_softirq=0.5603985056042144,usage_steal=0,usage_guest_nice=0 1711578066000000000
cpu,cpu=cpu0,host=edpc usage_guest_nice=0,usage_user=0.49751243781119414,usage_nice=0,usage_irq=0,usage_softirq=0,usage_steal=0,usage_system=0.4975124378110174,usage_idle=98.50746268657932,usage_iowait=0.49751243781110577,usage_guest=0 1711578068000000000
cpu,cpu=cpu1,host=edpc usage_iowait=0,usage_irq=0,usage_guest=0,usage_guest_nice=0,usage_system=0,usage_idle=99.49494949493848,usage_nice=0,usage_softirq=0.5050505050504,usage_steal=0,usage_user=0 1711578068000000000
cpu,cpu=cpu2,host=edpc usage_system=0,usage_irq=0,usage_iowait=0,usage_softirq=0,usage_steal=0,usage_guest=0,usage_guest_nice=0,usage_user=1.005025125628408,usage_idle=98.99497487437266,usage_nice=0 1711578068000000000
cpu,cpu=cpu3,host=edpc usage_steal=0,usage_user=1.9704433497540748,usage_nice=0,usage_iowait=0,usage_softirq=0,usage_guest_nice=0,usage_system=0.49261083743856243,usage_idle=97.53694581282102,usage_irq=0,usage_guest=0 1711578068000000000
cpu,cpu=cpu4,host=edpc usage_guest=0,usage_guest_nice=0,usage_user=1.4925373134327302,usage_system=1.9900497512435225,usage_nice=0,usage_softirq=0,usage_steal=0,usage_idle=96.51741293531562,usage_iowait=0,usage_irq=0 1711578068000000000
cpu,cpu=cpu5,host=edpc usage_steal=0,usage_guest_nice=0,usage_idle=100,usage_iowait=0,usage_nice=0,usage_irq=0,usage_softirq=0,usage_guest=0,usage_user=0,usage_system=0 1711578068000000000
cpu,cpu=cpu6,host=edpc usage_irq=0,usage_softirq=0,usage_system=0.5000000000000142,usage_idle=99.50000000001171,usage_iowait=0,usage_steal=0,usage_guest=0,usage_guest_nice=0,usage_user=0,usage_nice=0 1711578068000000000
cpu,cpu=cpu7,host=edpc usage_idle=100,usage_softirq=0,usage_steal=0,usage_system=0,usage_nice=0,usage_iowait=0,usage_irq=0,usage_guest=0,usage_guest_nice=0,usage_user=0 1711578068000000000
cpu,cpu=cpu-total,host=edpc usage_user=0.6253908692932102,usage_system=0.4377736085054071,usage_irq=0,usage_softirq=0.06253908692931213,usage_idle=98.87429643527034,usage_nice=0,usage_iowait=0,usage_steal=0,usage_guest=0,usage_guest_nice=0 1711578068000000000
cpu,cpu=cpu0,host=edpc usage_system=0.5000000000000782,usage_nice=0,usage_irq=0,usage_softirq=0.4999999999999005,usage_steal=0,usage_guest=0,usage_user=0,usage_iowait=0,usage_guest_nice=0,usage_idle=99.00000000000091 1711578070000000000
cpu,cpu=cpu1,host=edpc usage_user=0,usage_nice=0,usage_softirq=0,usage_guest_nice=0,usage_system=0.5050505050506954,usage_idle=99.49494949496133,usage_iowait=0,usage_irq=0,usage_steal=0,usage_guest=0 1711578070000000000
cpu,cpu=cpu2,host=edpc usage_irq=0,usage_softirq=0,usage_steal=0,usage_nice=0,usage_system=0.5000000000000782,usage_idle=98.00000000000182,usage_iowait=0,usage_guest=0,usage_guest_nice=0,usage_user=1.5000000000000568 1711578070000000000
cpu,cpu=cpu3,host=edpc usage_user=0.5025125628139107,usage_idle=99.49748743717502,usage_irq=0,usage_guest=0,usage_system=0,usage_nice=0,usage_iowait=0,usage_softirq=0,usage_steal=0,usage_guest_nice=0 1711578070000000000
cpu,cpu=cpu4,host=edpc usage_user=1.485148514851889,usage_iowait=0,usage_irq=0,usage_guest=0,usage_system=0.9900990099013767,usage_idle=97.52475247526046,usage_nice=0,usage_softirq=0,usage_steal=0,usage_guest_nice=0 1711578070000000000
cpu,cpu=cpu5,host=edpc usage_guest=0,usage_guest_nice=0,usage_system=0.5025125628139107,usage_idle=99.49748743717502,usage_iowait=0,usage_softirq=0,usage_steal=0,usage_user=0,usage_nice=0,usage_irq=0 1711578070000000000
cpu,cpu=cpu6,host=edpc usage_system=0.9999999999999787,usage_idle=99.00000000000091,usage_iowait=0,usage_steal=0,usage_guest=0,usage_user=0,usage_irq=0,usage_softirq=0,usage_guest_nice=0,usage_nice=0 1711578070000000000
cpu,cpu=cpu7,host=edpc usage_idle=99.50000000001182,usage_irq=0,usage_softirq=0,usage_steal=0,usage_guest_nice=0,usage_system=0,usage_nice=0,usage_iowait=0,usage_guest=0,usage_user=0.4999999999999005 1711578070000000000
cpu,cpu=cpu-total,host=edpc usage_user=0.5009392611144536,usage_iowait=0,usage_irq=0,usage_softirq=0.0626174076393067,usage_steal=0,usage_system=0.5009392611144536,usage_idle=98.93550407011973,usage_nice=0,usage_guest=0,usage_guest_nice=0 1711578070000000000
cpu,cpu=cpu0,host=edpc usage_irq=0,usage_guest=0,usage_user=0.5025125628137959,usage_system=0,usage_idle=97.98994974872339,usage_iowait=0,usage_nice=0,usage_softirq=1.5075376884417446,usage_steal=0,usage_guest_nice=0 1711578072000000000
cpu,cpu=cpu1,host=edpc usage_irq=0,usage_guest=0,usage_user=0,usage_system=0.5025125628140255,usage_idle=98.99497487439551,usage_iowait=0.5025125628141147,usage_nice=0,usage_softirq=0,usage_steal=0,usage_guest_nice=0 1711578072000000000
cpu,cpu=cpu2,host=edpc usage_user=0.5025125628139107,usage_system=1.0050251256279998,usage_nice=0,usage_iowait=0,usage_irq=0,usage_idle=98.49246231154791,usage_softirq=0,usage_steal=0,usage_guest=0,usage_guest_nice=0 1711578072000000000
cpu,cpu=cpu3,host=edpc usage_irq=0,usage_steal=0,usage_guest=0,usage_user=1.9900497512435225,usage_system=0,usage_idle=98.00995024875824,usage_iowait=0,usage_nice=0,usage_softirq=0,usage_guest_nice=0 1711578072000000000
cpu,cpu=cpu4,host=edpc usage_steal=0,usage_guest=0,usage_idle=99.00497512435649,usage_nice=0,usage_iowait=0,usage_softirq=0,usage_user=0.49751243781079224,usage_system=0.49751243781079224,usage_irq=0,usage_guest_nice=0 1711578072000000000
cpu,cpu=cpu5,host=edpc usage_nice=0,usage_irq=0,usage_steal=0,usage_guest_nice=0,usage_user=0,usage_system=0,usage_idle=100,usage_iowait=0,usage_softirq=0,usage_guest=0 1711578072000000000
cpu,cpu=cpu6,host=edpc usage_user=0.4999999999999005,usage_nice=0,usage_iowait=0,usage_softirq=0,usage_steal=0,usage_guest=0,usage_system=0.5000000000000782,usage_idle=99.00000000000091,usage_irq=0,usage_guest_nice=0 1711578072000000000
cpu,cpu=cpu7,host=edpc usage_user=0.5000000000001918,usage_nice=0,usage_irq=0,usage_steal=0,usage_system=0.5000000000000142,usage_idle=99.00000000000068,usage_iowait=0,usage_softirq=0,usage_guest=0,usage_guest_nice=0 1711578072000000000
cpu,cpu=cpu-total,host=edpc usage_softirq=0.1875000000000071,usage_guest=0,usage_user=0.5625000000000213,usage_system=0.3750000000000142,usage_idle=98.81250000000819,usage_iowait=0.06250000000003197,usage_nice=0,usage_irq=0,usage_steal=0,usage_guest_nice=0 1711578072000000000
